生成启动时间为 2016/10/17 21:36:16。
     1>项目“C:\Users\hzl\Documents\Visual Studio 2013\Projects\ConsoleApplication2\ConsoleApplication2\ConsoleApplication2.vcxproj”在节点 2 上(Build 个目标)。
     1>ClCompile:
         D:\SoftWare\Visual Studio Ultimate 2013\VC\bin\CL.exe /c /ZI /nologo /W3 /WX- /sdl /Od /Oy- /D WIN32 /D _DEBUG /D _CONSOLE /D _LIB /D _UNICODE /D UNICODE /Gm /EHsc /RTC1 /MDd /GS /fp:precise /Zc:wchar_t /Zc:forScope /Yu"stdafx.h" /Fp"Debug\ConsoleApplication2.pch" /Fo"Debug\\" /Fd"Debug\vc120.pdb" /Gd /TP /analyze- /errorReport:prompt MSLDE.cpp
         MSLDE.cpp
     1>c:\users\hzl\documents\visual studio 2013\projects\consoleapplication2\consoleapplication2\mslde.cpp(19): warning C4305: “初始化”: 从“double”到“float”截断
     1>c:\users\hzl\documents\visual studio 2013\projects\consoleapplication2\consoleapplication2\mslde.cpp(43): warning C4244: “参数”: 从“double”转换到“int”，可能丢失数据
     1>c:\users\hzl\documents\visual studio 2013\projects\consoleapplication2\consoleapplication2\mslde.cpp(61): warning C4244: “初始化”: 从“double”转换到“int”，可能丢失数据
     1>c:\users\hzl\documents\visual studio 2013\projects\consoleapplication2\consoleapplication2\mslde.cpp(63): warning C4244: “初始化”: 从“double”转换到“int”，可能丢失数据
     1>c:\users\hzl\documents\visual studio 2013\projects\consoleapplication2\consoleapplication2\mslde.cpp(66): warning C4244: “参数”: 从“double”转换到“int”，可能丢失数据
     1>c:\users\hzl\documents\visual studio 2013\projects\consoleapplication2\consoleapplication2\mslde.cpp(67): warning C4244: “参数”: 从“double”转换到“int”，可能丢失数据
     1>c:\users\hzl\documents\visual studio 2013\projects\consoleapplication2\consoleapplication2\mslde.cpp(99): warning C4244: “初始化”: 从“double”转换到“float”，可能丢失数据
       Link:
         D:\SoftWare\Visual Studio Ultimate 2013\VC\bin\link.exe /ERRORREPORT:PROMPT /OUT:"C:\Users\hzl\Documents\Visual Studio 2013\Projects\ConsoleApplication2\Debug\ConsoleApplication2.exe" /INCREMENTAL /NOLOGO opencv_ml2413d.lib opencv_calib3d2413d.lib opencv_contrib2413d.lib opencv_core2413d.lib opencv_features2d2413d.lib opencv_flann2413d.lib opencv_gpu2413d.lib opencv_highgui2413d.lib opencv_imgproc2413d.lib opencv_legacy2413d.lib opencv_objdetect2413d.lib opencv_ts2413d.lib opencv_video2413d.lib opencv_nonfree2413d.lib opencv_ocl2413d.lib opencv_photo2413d.lib opencv_stitching2413d.lib opencv_superres2413d.lib opencv_videostab2413d.lib kernel32.lib user32.lib gdi32.lib winspool.lib comdlg32.lib advapi32.lib shell32.lib ole32.lib oleaut32.lib uuid.lib odbc32.lib odbccp32.lib /MANIFEST /MANIFESTUAC:"level='asInvoker' uiAccess='false'" /manifest:embed /DEBUG /PDB:"C:\Users\hzl\Documents\Visual Studio 2013\Projects\ConsoleApplication2\Debug\ConsoleApplication2.pdb" /SUBSYSTEM:CONSOLE /TLBID:1 /DYNAMICBASE /NXCOMPAT /IMPLIB:"C:\Users\hzl\Documents\Visual Studio 2013\Projects\ConsoleApplication2\Debug\ConsoleApplication2.lib" /MACHINE:X86 Debug\ConsoleApplication2.obj
         Debug\MSLDE.obj
         Debug\stdafx.obj
         ConsoleApplication2.vcxproj -> C:\Users\hzl\Documents\Visual Studio 2013\Projects\ConsoleApplication2\Debug\ConsoleApplication2.exe
     1>已完成生成项目“C:\Users\hzl\Documents\Visual Studio 2013\Projects\ConsoleApplication2\ConsoleApplication2\ConsoleApplication2.vcxproj”(Build 个目标)的操作。

生成成功。

已用时间 00:00:02.35
